# Daily Auto-Commit: Fri Jun 20 08:17:16 UTC 2025
# Daily Auto-Commit: Fri Jun 20 12:19:40 UTC 2025
# Daily Auto-Commit: Sat Jun 21 12:17:10 UTC 2025
# Daily Auto-Commit: Sun Jun 22 12:17:25 UTC 2025
# Daily Auto-Commit: Mon Jun 23 12:20:47 UTC 2025
# Daily Auto-Commit: Tue Jun 24 12:20:16 UTC 2025
# Daily Auto-Commit: Wed Jun 25 12:20:17 UTC 2025
# Daily Auto-Commit: Thu Jun 26 12:19:54 UTC 2025
# Daily Auto-Commit: Fri Jun 27 12:19:31 UTC 2025
# Daily Auto-Commit: Sat Jun 28 12:17:27 UTC 2025
# Daily Auto-Commit: Sun Jun 29 12:17:56 UTC 2025
# Daily Auto-Commit: Mon Jun 30 12:19:55 UTC 2025
# Daily Auto-Commit: Tue Jul  1 12:20:31 UTC 2025
# Daily Auto-Commit: Wed Jul  2 12:19:45 UTC 2025
# Daily Auto-Commit: Thu Jul  3 12:20:09 UTC 2025
# Daily Auto-Commit: Fri Jul  4 12:19:47 UTC 2025
# Daily Auto-Commit: Sat Jul  5 12:17:37 UTC 2025
# Daily Auto-Commit: Sun Jul  6 12:17:39 UTC 2025
# Daily Auto-Commit: Mon Jul  7 12:20:05 UTC 2025
# Daily Auto-Commit: Tue Jul  8 12:20:46 UTC 2025
# Daily Auto-Commit: Wed Jul  9 12:20:20 UTC 2025
